<?xml version="1.0" encoding="UTF-8"?>
<testng-results ignored="0" total="1" passed="1" failed="0" skipped="0">
  <reporter-output>
  </reporter-output>
  <suite started-at="2024-08-15T04:51:09 IST" name="Default suite" finished-at="2024-08-15T04:51:29 IST" duration-ms="19323">
    <groups>
      <group name="cucumber">
        <method signature="AbstractTestNGCucumberTests.runScenario(io.cucumber.testng.PickleWrapper,io.cucumber.testng.FeatureWrapper)[pri:0, instance:Test_Runner.Cucumber_test_Runner@274872f8]" name="runScenario" class="io.cucumber.testng.AbstractTestNGCucumberTests"/>
      </group> <!-- cucumber -->
    </groups>
    <test started-at="2024-08-15T04:51:09 IST" name="Default test" finished-at="2024-08-15T04:51:29 IST" duration-ms="19323">
      <class name="Test_Runner.Cucumber_test_Runner">
        <test-method is-config="true" signature="setUpClass(org.testng.ITestContext)[pri:0, instance:Test_Runner.Cucumber_test_Runner@274872f8]" started-at="2024-08-15T04:51:09 IST" name="setUpClass" finished-at="2024-08-15T04:51:10 IST" duration-ms="667" status="PASS">
          <params>
            <param index="0">
              <value>
                <![CDATA[org.testng.TestRunner@ae74eef]]>
              </value>
            </param>
          </params>
          <reporter-output>
          </reporter-output>
        </test-method> <!-- setUpClass -->
        <test-method signature="runScenario(io.cucumber.testng.PickleWrapper,io.cucumber.testng.FeatureWrapper)[pri:0, instance:Test_Runner.Cucumber_test_Runner@274872f8]" started-at="2024-08-15T04:51:10 IST" name="runScenario" description="Runs Cucumber Scenarios" data-provider="scenarios" finished-at="2024-08-15T04:51:29 IST" duration-ms="18548" status="PASS">
          <params>
            <param index="0">
              <value>
                <![CDATA["Check details fill in the Form"]]>
              </value>
            </param>
            <param index="1">
              <value>
                <![CDATA["Fill Details of Simple Form"]]>
              </value>
            </param>
          </params>
          <reporter-output>
          </reporter-output>
        </test-method> <!-- runScenario -->
        <test-method is-config="true" signature="tearDownClass()[pri:0, instance:Test_Runner.Cucumber_test_Runner@274872f8]" started-at="2024-08-15T04:51:29 IST" name="tearDownClass" finished-at="2024-08-15T04:51:29 IST" duration-ms="55" status="PASS">
          <reporter-output>
          </reporter-output>
        </test-method> <!-- tearDownClass -->
      </class> <!-- Test_Runner.Cucumber_test_Runner -->
    </test> <!-- Default test -->
  </suite> <!-- Default suite -->
</testng-results>
